SonarCloud plugins:
  - IaC Code Quality and Security 1.8.0.2138 (iac)
  - PL/SQL Code Quality and Security 3.7.0.4372 (plsql)
  - Scala Code Quality and Security 1.10.0.3710 (sonarscala)
  - C# Code Quality and Security 8.41.0.50478 (csharp)
  - Vulnerability Analysis 9.5.1.16463 (security)
  - Java Code Quality and Security 7.13.0.29990 (java)
  - HTML Code Quality and Security 3.6.0.3106 (web)
  - Flex Code Quality and Security 2.7.0.2865 (flex)
  - XML Code Quality and Security 2.5.0.3376 (xml)
  - Text file Code Quality and Security 1.1.0.282 (text)
  - VB.NET Code Quality and Security 8.41.0.50478 (vbnet)
  - Swift Code Quality and Security 4.6.1.5444 (swift)
  - CFamily Code Quality and Security 6.35.0.50389 (cpp)
  - Python Code Quality and Security 3.15.1.9817 (python)
  - Dataflow Bug Detection Rules for Python 1.4.0.1890 (dbdpythonfrontend)
  - Dataflow Bug Detection 1.4.0.1890 (dbd)
  - Go Code Quality and Security 1.10.0.3710 (go)
  - JaCoCo 1.1.1.1157 (jacoco)
  - Kotlin Code Quality and Security 2.9.0.1147 (kotlin)
  - Dataflow Bug Detection Rules for Java 1.4.0.1890 (dbdjavafrontend)
  - T-SQL Code Quality and Security 1.6.0.4844 (tsql)
  - Apex Code Quality and Security 1.10.0.3710 (sonarapex)
  - JavaScript/TypeScript/CSS Code Quality and Security 9.4.0.18205 (javascript)
  - Ruby Code Quality and Security 1.10.0.3710 (ruby)
  - Vulnerability Rules for C# 9.5.1.16463 (securitycsharpfrontend)
  - Vulnerability Rules for Java 9.5.1.16463 (securityjavafrontend)
  - License for SonarLint 8.0.0.30222 (license)
  - Vulnerability Rules for JS 9.5.1.16463 (securityjsfrontend)
  - COBOL Code Quality 5.0.0.5433 (cobol)
  - Vulnerability Rules for Python 9.5.1.16463 (securitypythonfrontend)
  - PHP Code Quality and Security 3.23.1.8766 (php)
  - ABAP Code Quality and Security 3.10.0.3628 (abap)
  - Configuration detection fot Code Quality and Security 1.2.0.267 (config)
  - Vulnerability Rules for PHP 9.5.1.16463 (securityphpfrontend)
Global server settings:
  - email.from=noreply@sonarcloud.io
  - email.fromName=SonarCloud
  - email.prefix=[SonarCloud]
  - sonar.auth.bitbucket.enabled=true
  - sonar.auth.microsoft.enabled=true
  - sonar.core.id=1BD809FA-AWHW8ct9-T_TB3XqouNu
  - sonar.core.serverBaseURL=https://sonarcloud.io
  - sonar.core.startTime=2022-07-11T12:03:39+0200
  - sonar.dbcleaner.projectsCandidatesToClosedIssuesChangesPurge=zabbix_zabbix,b9c56b96d6b760cea4b70669089bf136b5e3b08f,dealhub_prod_webserver,Msc.OVA,Msc.Compliance,cegid.loop.loop,com.traveloka.pay:pay-payin-backend,dealhub_prod_webserverjs,exerpteam_exerp-platform,genesislcap_genesis-server,HABAGROUP_ECOM,npw-banking-web,studentedge_StudentEdgeWebsite,teleadmin_xt-development,traveloka_fpr-integrator-backend,nrbdigital_ciw-frontend,pyloncloud_88agent,gca-trans_eCar,cobiscorp_cobis-digital-ctas-backend-generated
  - sonar.dbcleaner.weeksBeforeDeletingAllSnapshots=260
  - sonar.dbcleaner.weeksBeforeKeepingOnlyOneSnapshotByMonth=4
  - sonar.dbcleaner.weeksBeforeKeepingOnlyOneSnapshotByWeek=1
  - sonar.global.exclusions=**/build-wrapper-dump.json
  - sonar.lf.enableGravatar=true
  - sonar.lf.logoWidthPx=105
  - sonar.maintenance_mode.link=https://sonarcloud.statuspage.io/incidents/66vlr4dc3jwy
  - sonar.maintenance_mode.message=Results of analyses performed prior to 6:15am CET may not be available yet and will be progressively provided throughout coming hours. Results of analysis performed after 8:00am CET are available.
  - sonar.maintenance_mode.start_date=2022-03-26T23:00:00.000+01:00
  - sonar.organizations.anyoneCanCreate=true
  - sonar.organizations.createPersonalOrg=true
  - sonar.plsql.file.suffixes=sql,tab,pkb
  - sonar.tsql.file.suffixes=.tsql
Project server settings:
  - sonar.autoscan.enabled=false
Project scanner properties:
  - sonar.branch.name=master
  - sonar.host.url=https://sonarcloud.io
  - sonar.login=******
  - sonar.organization=devopsjul
  - sonar.projectBaseDir=/home/ec2-user/repos/myweb
  - sonar.projectKey=devopsjul_yummy
  - sonar.scanner.app=ScannerCLI
  - sonar.scanner.appVersion=4.5.0.2216
  - sonar.sourceEncoding=UTF-8
  - sonar.sources=./target
  - sonar.verbose=true
  - sonar.working.directory=/home/ec2-user/repos/myweb/.scannerwork
